<?xml version="1.0" encoding="UTF-8"?>
<testsuite name="com.uca.Tests" tests="11" skipped="0" failures="0" errors="0" timestamp="2020-10-14T18:54:13" hostname="francois-HP-ProDesk-600-G1-TWR" time="0.076">
  <properties/>
  <testcase name="pairRepetitive()" classname="com.uca.Tests" time="0.014"/>
  <testcase name="exceptionRising()" classname="com.uca.Tests" time="0.001"/>
  <testcase name="tooMuchRepetiveSymbols()" classname="com.uca.Tests" time="0.002"/>
  <testcase name="isAGoodRoman()" classname="com.uca.Tests" time="0.001"/>
  <testcase name="outsideInterval()" classname="com.uca.Tests" time="0.001"/>
  <testcase name="oneLowerCase()" classname="com.uca.Tests" time="0.002"/>
  <testcase name="isGoodDecimal()" classname="com.uca.Tests" time="0.001"/>
  <testcase name="toRomanUpperCase()" classname="com.uca.Tests" time="0.003"/>
  <testcase name="romanIsCapital()" classname="com.uca.Tests" time="0.009"/>
  <testcase name="notInteger()" classname="com.uca.Tests" time="0.002"/>
  <testcase name="nEqualN()" classname="com.uca.Tests" time="0.029"/>
  <system-out><![CDATA[]]></system-out>
  <system-err><![CDATA[]]></system-err>
</testsuite>
